<?xml version="1.0" encoding="UTF-8" ?>
<testsuite errors="0" failures="0" hostname="Admin" name="edu.odu.cs.cs350.blue4.PhaseTesting" skipped="0" tests="1" time="0.087" timestamp="2015-08-06T22:32:53">
  <properties>
    <property name="file.encoding.pkg" value="sun.io" />
    <property name="ivy.retrieve.pattern.ivy.instance" value="F:\ODU\Summer2015\CS350\GIT\Projects\blue4\Phase3Blue4/lib/[artifact]-[revision](-[classifier]).[ext]" />
    <property name="java.vendor.url.ivy.instance" value="http://java.oracle.com/" />
    <property name="ivy.local.default.ivy.pattern.ivy.instance" value="[organisation]/[module]/[revision]/[type]s/[artifact].[ext]" />
    <property name="ivy.project.dir.ivy.instance" value="F:\ODU\Summer2015\CS350\GIT\Projects\blue4\Phase3Blue4" />
    <property name="ivy.resolve.default.type.filter" value="*" />
    <property name="java.home" value="C:\Program Files\Java\jdk1.8.0_45\jre" />
    <property name="ivy.configurations.ivy.instance" value="*" />
    <property name="ivy.basedir.ivy.instance" value="F:\ODU\Summer2015\CS350\GIT\Projects\blue4\Phase3Blue4" />
    <property name="ivy.dep.file.ivy.instance" value="ivy.xml" />
    <property name="java.endorsed.dirs" value="C:\Program Files\Java\jdk1.8.0_45\jre\lib\endorsed" />
    <property name="java.class.path.ivy.instance" value="F:\Computer Science Softwares\eclipse-dsl-luna-SR2-win32-x86_64\eclipse\plugins\org.apache.ant_1.9.2.v201404171502\lib\ant-antlr.jar;F:\Computer Science Softwares\eclipse-dsl-luna-SR2-win32-x86_64\eclipse\plugins\org.apache.ant_1.9.2.v201404171502\lib\ant-apache-bcel.jar;F:\Computer Science Softwares\eclipse-dsl-luna-SR2-win32-x86_64\eclipse\plugins\org.apache.ant_1.9.2.v201404171502\lib\ant-apache-bsf.jar;F:\Computer Science Softwares\eclipse-dsl-luna-SR2-win32-x86_64\eclipse\plugins\org.apache.ant_1.9.2.v201404171502\lib\ant-apache-log4j.jar;F:\Computer Science Softwares\eclipse-dsl-luna-SR2-win32-x86_64\eclipse\plugins\org.apache.ant_1.9.2.v201404171502\lib\ant-apache-oro.jar;F:\Computer Science Softwares\eclipse-dsl-luna-SR2-win32-x86_64\eclipse\plugins\org.apache.ant_1.9.2.v201404171502\lib\ant-apache-regexp.jar;F:\Computer Science Softwares\eclipse-dsl-luna-SR2-win32-x86_64\eclipse\plugins\org.apache.ant_1.9.2.v201404171502\lib\ant-apache-resolver.jar;F:\Computer Science Softwares\eclipse-dsl-luna-SR2-win32-x86_64\eclipse\plugins\org.apache.ant_1.9.2.v201404171502\lib\ant-apache-xalan2.jar;F:\Computer Science Softwares\eclipse-dsl-luna-SR2-win32-x86_64\eclipse\plugins\org.apache.ant_1.9.2.v201404171502\lib\ant-commons-logging.jar;F:\Computer Science Softwares\eclipse-dsl-luna-SR2-win32-x86_64\eclipse\plugins\org.apache.ant_1.9.2.v201404171502\lib\ant-commons-net.jar;F:\Computer Science Softwares\eclipse-dsl-luna-SR2-win32-x86_64\eclipse\plugins\org.apache.ant_1.9.2.v201404171502\lib\ant-jai.jar;F:\Computer Science Softwares\eclipse-dsl-luna-SR2-win32-x86_64\eclipse\plugins\org.apache.ant_1.9.2.v201404171502\lib\ant-javamail.jar;F:\Computer Science Softwares\eclipse-dsl-luna-SR2-win32-x86_64\eclipse\plugins\org.apache.ant_1.9.2.v201404171502\lib\ant-jdepend.jar;F:\Computer Science Softwares\eclipse-dsl-luna-SR2-win32-x86_64\eclipse\plugins\org.apache.ant_1.9.2.v201404171502\lib\ant-jmf.jar;F:\Computer Science Softwares\eclipse-dsl-luna-SR2-win32-x86_64\eclipse\plugins\org.apache.ant_1.9.2.v201404171502\lib\ant-jsch.jar;F:\Computer Science Softwares\eclipse-dsl-luna-SR2-win32-x86_64\eclipse\plugins\org.apache.ant_1.9.2.v201404171502\lib\ant-junit.jar;F:\Computer Science Softwares\eclipse-dsl-luna-SR2-win32-x86_64\eclipse\plugins\org.apache.ant_1.9.2.v201404171502\lib\ant-junit4.jar;F:\Computer Science Softwares\eclipse-dsl-luna-SR2-win32-x86_64\eclipse\plugins\org.apache.ant_1.9.2.v201404171502\lib\ant-launcher.jar;F:\Computer Science Softwares\eclipse-dsl-luna-SR2-win32-x86_64\eclipse\plugins\org.apache.ant_1.9.2.v201404171502\lib\ant-netrexx.jar;F:\Computer Science Softwares\eclipse-dsl-luna-SR2-win32-x86_64\eclipse\plugins\org.apache.ant_1.9.2.v201404171502\lib\ant-swing.jar;F:\Computer Science Softwares\eclipse-dsl-luna-SR2-win32-x86_64\eclipse\plugins\org.apache.ant_1.9.2.v201404171502\lib\ant-testutil.jar;F:\Computer Science Softwares\eclipse-dsl-luna-SR2-win32-x86_64\eclipse\plugins\org.apache.ant_1.9.2.v201404171502\lib\ant.jar;F:\Computer Science Softwares\eclipse-dsl-luna-SR2-win32-x86_64\eclipse\plugins\org.apache.ivy.eclipse.ant_2.4.0.final_20141213170938\ivy.jar;F:\Computer Science Softwares\eclipse-dsl-luna-SR2-win32-x86_64\eclipse\configuration\org.eclipse.osgi\39\0\.cp\lib\antdebug.jar;F:\Computer Science Softwares\eclipse-dsl-luna-SR2-win32-x86_64\eclipse\configuration\org.eclipse.osgi\39\0\.cp\lib\remote.jar;F:\Computer Science Softwares\eclipse-dsl-luna-SR2-win32-x86_64\eclipse\configuration\org.eclipse.osgi\40\0\.cp\lib\remoteAnt.jar;C:\Program Files\Java\jdk1.8.0_45\lib\tools.jar;F:\Computer Science Softwares\eclipse-dsl-luna-SR2-win32-x86_64\eclipse\plugins\org.eclipse.swt.win32.win32.x86_64_3.103.2.v20150203-1351.jar" />
    <property name="ivy.home" value="C:\Users\asima_000\.ivy2" />
    <property name="ant.file.Phase3Blue4" value="F:\ODU\Summer2015\CS350\GIT\Projects\blue4\Phase3Blue4\build.xml" />
    <property name="java.vm.specification.vendor.ivy.instance" value="Oracle Corporation" />
    <property name="sun.os.patch.level" value="" />
    <property name="ivy.dep.file" value="ivy.xml" />
    <property name="java.vendor.url" value="http://java.oracle.com/" />
    <property name="ivy.local.default.artifact.pattern.ivy.instance" value="[organisation]/[module]/[revision]/[type]s/[artifact].[ext]" />
    <property name="ivy.lib.dir.ivy.instance" value="F:\ODU\Summer2015\CS350\GIT\Projects\blue4\Phase3Blue4/lib" />
    <property name="java.version" value="1.8.0_45" />
    <property name="eclipse.pdebuild.home" value="/F:/Computer Science Softwares/eclipse-dsl-luna-SR2-win32-x86_64/eclipse/plugins/org.eclipse.pde.build_3.9.0.v20140415-2029/./" />
    <property name="ivy.conf.dir.ivy.instance" value="jar:file:/F:/Computer%20Science%20Softwares/eclipse-dsl-luna-SR2-win32-x86_64/eclipse/plugins/org.apache.ivy.eclipse.ant_2.4.0.final_20141213170938/ivy.jar!/org/apache/ivy/core/settings" />
    <property name="sun.boot.library.path.ivy.instance" value="C:\Program Files\Java\jdk1.8.0_45\jre\bin" />
    <property name="ivy.report.output.pattern.ivy.instance" value="[organisation]-[module]-[conf].[ext]" />
    <property name="ivy.module" value="info-all" />
    <property name="ivy.publish.src.artifacts.pattern.ivy.instance" value="F:\ODU\Summer2015\CS350\GIT\Projects\blue4\Phase3Blue4/distrib/[type]s/[artifact]-[revision](-[classifier]).[ext]" />
    <property name="java.vendor.url.bug" value="http://bugreport.sun.com/bugreport/" />
    <property name="sun.management.compiler.ivy.instance" value="HotSpot 64-Bit Tiered Compilers" />
    <property name="ant.project.invoked-targets" value="build" />
    <property name="ivy.local.default.artifact.pattern" value="[organisation]/[module]/[revision]/[type]s/[artifact].[ext]" />
    <property name="os.name.ivy.instance" value="Windows 8" />
    <property name="ivy.default.ivy.user.dir.ivy.instance" value="C:\Users\asima_000\.ivy2" />
    <property name="ivy.default.always.check.exact.revision" value="false" />
    <property name="ivy.default.settings.dir.ivy.instance" value="jar:file:/F:/Computer%20Science%20Softwares/eclipse-dsl-luna-SR2-win32-x86_64/eclipse/plugins/org.apache.ivy.eclipse.ant_2.4.0.final_20141213170938/ivy.jar!/org/apache/ivy/core/settings" />
    <property name="user.name" value="asimamjad" />
    <property name="sun.io.unicode.encoding" value="UnicodeLittle" />
    <property name="ivy.shared.default.root.ivy.instance" value="C:\Users\asima_000\.ivy2/shared" />
    <property name="sun.jnu.encoding" value="Cp1252" />
    <property name="java.runtime.name" value="Java(TM) SE Runtime Environment" />
    <property name="ant.file.type.Phase3Blue4" value="file" />
    <property name="ant.home.ivy.instance" value="F:\Computer Science Softwares\eclipse-dsl-luna-SR2-win32-x86_64\eclipse\plugins\org.apache.ant_1.9.2.v201404171502" />
    <property name="file.encoding.ivy.instance" value="UTF-8" />
    <property name="libs.dir" value="F:\ODU\Summer2015\CS350\GIT\Projects\blue4\Phase3Blue4\target" />
    <property name="ivy.cache.ttl.default.ivy.instance" value="10s" />
    <property name="java.specification.vendor.ivy.instance" value="Oracle Corporation" />
    <property name="java.vendor.ivy.instance" value="Oracle Corporation" />
    <property name="sun.cpu.isalist.ivy.instance" value="amd64" />
    <property name="java.specification.name" value="Java Platform API Specification" />
    <property name="user.timezone" value="America/New_York" />
    <property name="java.endorsed.dirs.ivy.instance" value="C:\Program Files\Java\jdk1.8.0_45\jre\lib\endorsed" />
    <property name="user.script" value="" />
    <property name="path.separator" value=";" />
    <property name="java.class.version.ivy.instance" value="52.0" />
    <property name="ivy.default.conf.dir" value="jar:file:/F:/Computer%20Science%20Softwares/eclipse-dsl-luna-SR2-win32-x86_64/eclipse/plugins/org.apache.ivy.eclipse.ant_2.4.0.final_20141213170938/ivy.jar!/org/apache/ivy/core/settings" />
    <property name="file.encoding" value="Cp1252" />
    <property name="java.runtime.name.ivy.instance" value="Java(TM) SE Runtime Environment" />
    <property name="ivy.resolve.default.type.filter.ivy.instance" value="*" />
    <property name="ant.project.default-target" value="build" />
    <property name="ivy.targets.copied" value="false" />
    <property name="ivy.parents.count" value="0" />
    <property name="sun.java.command" value="org.apache.tools.ant.taskdefs.optional.junit.JUnitTestRunner edu.odu.cs.cs350.blue4.PhaseTesting filtertrace=true haltOnError=false haltOnFailure=false formatter=org.apache.tools.ant.taskdefs.optional.junit.SummaryJUnitResultFormatter showoutput=true outputtoformatters=true logfailedtests=true logtestlistenerevents=false formatter=org.apache.tools.ant.taskdefs.optional.junit.XMLJUnitResultFormatter,F:\ODU\Summer2015\CS350\GIT\Projects\blue4\Phase3Blue4\target\test-results\details\TEST-edu.odu.cs.cs350.blue4.PhaseTesting.xml crashfile=F:\ODU\Summer2015\CS350\GIT\Projects\blue4\Phase3Blue4\junitvmwatcher6334502603677493996.properties propsfile=F:\ODU\Summer2015\CS350\GIT\Projects\blue4\Phase3Blue4\junit5761404658151172663.properties" />
    <property name="ivy.shared.default.artifact.pattern" value="[organisation]/[module]/[revision]/[type]s/[artifact].[ext]" />
    <property name="ant.file" value="F:\ODU\Summer2015\CS350\GIT\Projects\blue4\Phase3Blue4\build.xml" />
    <property name="ivy.distrib.dir.ivy.instance" value="F:\ODU\Summer2015\CS350\GIT\Projects\blue4\Phase3Blue4/distrib" />
    <property name="ivy.checksums.ivy.instance" value="sha1,md5" />
    <property name="sun.arch.data.model.ivy.instance" value="64" />
    <property name="ivy.build.artifacts.dir.ivy.instance" value="F:\ODU\Summer2015\CS350\GIT\Projects\blue4\Phase3Blue4/build/artifacts" />
    <property name="user.variant.ivy.instance" value="" />
    <property name="ivy.settings.file" value="ivysettings.xml" />
    <property name="java.io.tmpdir" value="C:\Users\ASIMA_~1\AppData\Local\Temp\" />
    <property name="ivy.buildlist.ivyfilepath.ivy.instance" value="ivy.xml" />
    <property name="ivy.cache.ttl.default" value="10s" />
    <property name="user.language" value="en" />
    <property name="user.dir.ivy.instance" value="F:\ODU\Summer2015\CS350\GIT\Projects\blue4\Phase3Blue4" />
    <property name="ivy.home.ivy.instance" value="C:\Users\asima_000\.ivy2" />
    <property name="line.separator" value="&#xd;&#xa;" />
    <property name="java.specification.version.ivy.instance" value="1.8" />
    <property name="ivy.build.artifacts.dir" value="F:\ODU\Summer2015\CS350\GIT\Projects\blue4\Phase3Blue4/build/artifacts" />
    <property name="ivy.settings.dir.url" value="jar:file:/F:/Computer%20Science%20Softwares/eclipse-dsl-luna-SR2-win32-x86_64/eclipse/plugins/org.apache.ivy.eclipse.ant_2.4.0.final_20141213170938/ivy.jar!/org/apache/ivy/core/settings" />
    <property name="sun.io.unicode.encoding.ivy.instance" value="UnicodeLittle" />
    <property name="ivy.status" value="integration" />
    <property name="java.vm.info" value="mixed mode" />
    <property name="ivy.lib.dir" value="F:\ODU\Summer2015\CS350\GIT\Projects\blue4\Phase3Blue4/lib" />
    <property name="sun.desktop" value="windows" />
    <property name="java.vm.specification.name" value="Java Virtual Machine Specification" />
    <property name="ivy.default.conf.dir.ivy.instance" value="jar:file:/F:/Computer%20Science%20Softwares/eclipse-dsl-luna-SR2-win32-x86_64/eclipse/plugins/org.apache.ivy.eclipse.ant_2.4.0.final_20141213170938/ivy.jar!/org/apache/ivy/core/settings" />
    <property name="java.vm.version.ivy.instance" value="25.45-b02" />
    <property name="ivy.install.version" value="2.3.0" />
    <property name="user.name.ivy.instance" value="asimamjad" />
    <property name="ivy.cache.dir" value="C:\Users\asima_000\.ivy2\cache" />
    <property name="eclipse.pdebuild.templates" value="/F:/Computer Science Softwares/eclipse-dsl-luna-SR2-win32-x86_64/eclipse/plugins/org.eclipse.pde.build_3.9.0.v20140415-2029/templates/" />
    <property name="java.awt.printerjob" value="sun.awt.windows.WPrinterJob" />
    <property name="java.io.tmpdir.ivy.instance" value="C:\Users\ASIMA_~1\AppData\Local\Temp\" />
    <property name="ant.version" value="Apache Ant(TM) version 1.9.2 compiled on July 8 2013" />
    <property name="java.home.ivy.instance" value="C:\Program Files\Java\jdk1.8.0_45\jre" />
    <property name="java.vm.vendor.ivy.instance" value="Oracle Corporation" />
    <property name="user.script.ivy.instance" value="" />
    <property name="ivy.default.settings.dir" value="jar:file:/F:/Computer%20Science%20Softwares/eclipse-dsl-luna-SR2-win32-x86_64/eclipse/plugins/org.apache.ivy.eclipse.ant_2.4.0.final_20141213170938/ivy.jar!/org/apache/ivy/core/settings" />
    <property name="ivy.configurations" value="*" />
    <property name="ivy.settings.url" value="jar:file:/F:/Computer%20Science%20Softwares/eclipse-dsl-luna-SR2-win32-x86_64/eclipse/plugins/org.apache.ivy.eclipse.ant_2.4.0.final_20141213170938/ivy.jar!/org/apache/ivy/core/settings/ivysettings.xml" />
    <property name="os.name" value="Windows 8" />
    <property name="java.specification.vendor" value="Oracle Corporation" />
    <property name="sun.jnu.encoding.ivy.instance" value="Cp1252" />
    <property name="ivy.deliver.ivy.pattern.ivy.instance" value="F:\ODU\Summer2015\CS350\GIT\Projects\blue4\Phase3Blue4/distrib/[type]s/[artifact]-[revision](-[classifier]).[ext]" />
    <property name="ivy.checksums" value="sha1,md5" />
    <property name="java.vm.name" value="Java HotSpot(TM) 64-Bit Server VM" />
    <property name="ivy.jar.file" value="F:\ODU\Summer2015\CS350\GIT\Projects\blue4\Phase3Blue4/ivy/ivy.jar" />
    <property name="ivy.log.modules.in.use" value="false" />
    <property name="java.runtime.version.ivy.instance" value="1.8.0_45-b14" />
    <property name="ivy.report.output.pattern" value="[organisation]-[module]-[conf].[ext]" />
    <property name="ivy.version" value="2.4.0" />
    <property name="java.library.path" value="C:\Program Files\Java\jdk1.8.0_45\jre\bin;C:\Windows\Sun\Java\bin;C:\Windows\system32;C:\Windows;C:/Program Files/Java/jre1.8.0_51/bin/server;C:/Program Files/Java/jre1.8.0_51/bin;C:/Program Files/Java/jre1.8.0_51/lib/amd64;c:\cygwin64\bin;c:\cygwin64\libexec\gcc\x86_64-pc-mingw32\4.8.2;C:\ProgramData\Oracle\Java\javapath;C:\Program Files (x86)\HP SimplePass\x64;C:\Program Files (x86)\HP SimplePass\;;C:\Program Files (x86)\Intel\iCLS Client\;C:\Program Files\Intel\iCLS Client\;C:\Windows\system32;C:\Windows;C:\Windows\System32\Wbem;C:\Windows\System32\WindowsPowerShell\v1.0\;C:\Program Files (x86)\Intel\OpenCL SDK\2.0\bin\x86;C:\Program Files (x86)\Intel\OpenCL SDK\2.0\bin\x64;C:\Program Files\Intel\Intel(R) Management Engine Components\DAL;C:\Program Files\Intel\Intel(R) Management Engine Components\IPT;C:\Program Files (x86)\Intel\Intel(R) Management Engine Components\DAL;C:\Program Files (x86)\Intel\Intel(R) Management Engine Components\IPT;C:\Program Files (x86)\Skype\Phone\;C:\Program Files (x86)\Intel\OpenCL SDK\2.0\bin\x86;C:\Program Files (x86)\Intel\OpenCL SDK\2.0\bin\x64;C:\Program Files (x86)\Intel\OpenCL SDK\2.0\bin\x86;C:\Program Files (x86)\Intel\OpenCL SDK\2.0\bin\x64;C:\Program Files\Java\jdk1.8.0_45\bin;C:\Users\asima_000;F:\apache-ant-1.9.5\bin;F:\apache-maven-3.3.3\bin;F:\Computer Science Softwares\eclipse-dsl-luna-SR2-win32-x86_64\eclipse;;." />
    <property name="ivy.conf.url" value="jar:file:/F:/Computer%20Science%20Softwares/eclipse-dsl-luna-SR2-win32-x86_64/eclipse/plugins/org.apache.ivy.eclipse.ant_2.4.0.final_20141213170938/ivy.jar!/org/apache/ivy/core/settings/ivysettings.xml" />
    <property name="java.vm.name.ivy.instance" value="Java HotSpot(TM) 64-Bit Server VM" />
    <property name="os.version.ivy.instance" value="6.2" />
    <property name="line.separator.ivy.instance" value="&#xd;&#xa;" />
    <property name="eclipse.pdebuild.scripts" value="/F:/Computer Science Softwares/eclipse-dsl-luna-SR2-win32-x86_64/eclipse/plugins/org.eclipse.pde.build_3.9.0.v20140415-2029/scripts/" />
    <property name="ant.java.version" value="1.8" />
    <property name="sun.desktop.ivy.instance" value="windows" />
    <property name="sun.cpu.endian.ivy.instance" value="little" />
    <property name="java.vm.specification.name.ivy.instance" value="Java Virtual Machine Specification" />
    <property name="basedir" value="F:\ODU\Summer2015\CS350\GIT\Projects\blue4\Phase3Blue4" />
    <property name="java.class.version" value="52.0" />
    <property name="ivy.settings.url.ivy.instance" value="jar:file:/F:/Computer%20Science%20Softwares/eclipse-dsl-luna-SR2-win32-x86_64/eclipse/plugins/org.apache.ivy.eclipse.ant_2.4.0.final_20141213170938/ivy.jar!/org/apache/ivy/core/settings/ivysettings.xml" />
    <property name="path.separator.ivy.instance" value=";" />
    <property name="sun.boot.class.path.ivy.instance" value="C:\Program Files\Java\jdk1.8.0_45\jre\lib\resources.jar;C:\Program Files\Java\jdk1.8.0_45\jre\lib\rt.jar;C:\Program Files\Java\jdk1.8.0_45\jre\lib\sunrsasign.jar;C:\Program Files\Java\jdk1.8.0_45\jre\lib\jsse.jar;C:\Program Files\Java\jdk1.8.0_45\jre\lib\jce.jar;C:\Program Files\Java\jdk1.8.0_45\jre\lib\charsets.jar;C:\Program Files\Java\jdk1.8.0_45\jre\lib\jfr.jar;C:\Program Files\Java\jdk1.8.0_45\jre\classes" />
    <property name="ant.home" value="F:\Computer Science Softwares\eclipse-dsl-luna-SR2-win32-x86_64\eclipse\plugins\org.apache.ant_1.9.2.v201404171502" />
    <property name="ivy.resolved.configurations" value="default" />
    <property name="ivy.deliver.ivy.pattern" value="F:\ODU\Summer2015\CS350\GIT\Projects\blue4\Phase3Blue4/distrib/[type]s/[artifact]-[revision](-[classifier]).[ext]" />
    <property name="sun.boot.library.path" value="C:\Program Files\Java\jdk1.8.0_45\jre\bin" />
    <property name="ivy.default.always.check.exact.revision.ivy.instance" value="false" />
    <property name="java.library.path.ivy.instance" value="F:\Computer Science Softwares\eclipse-dsl-luna-SR2-win32-x86_64\eclipse;C:\Windows\Sun\Java\bin;C:\Windows\system32;C:\Windows;C:/Program Files/Java/jre1.8.0_51/bin/server;C:/Program Files/Java/jre1.8.0_51/bin;C:/Program Files/Java/jre1.8.0_51/lib/amd64;c:\cygwin64\bin;c:\cygwin64\libexec\gcc\x86_64-pc-mingw32\4.8.2;C:\ProgramData\Oracle\Java\javapath;C:\Program Files (x86)\HP SimplePass\x64;C:\Program Files (x86)\HP SimplePass\;;C:\Program Files (x86)\Intel\iCLS Client\;C:\Program Files\Intel\iCLS Client\;C:\Windows\system32;C:\Windows;C:\Windows\System32\Wbem;C:\Windows\System32\WindowsPowerShell\v1.0\;C:\Program Files (x86)\Intel\OpenCL SDK\2.0\bin\x86;C:\Program Files (x86)\Intel\OpenCL SDK\2.0\bin\x64;C:\Program Files\Intel\Intel(R) Management Engine Components\DAL;C:\Program Files\Intel\Intel(R) Management Engine Components\IPT;C:\Program Files (x86)\Intel\Intel(R) Management Engine Components\DAL;C:\Program Files (x86)\Intel\Intel(R) Management Engine Components\IPT;C:\Program Files (x86)\Skype\Phone\;C:\Program Files (x86)\Intel\OpenCL SDK\2.0\bin\x86;C:\Program Files (x86)\Intel\OpenCL SDK\2.0\bin\x64;C:\Program Files (x86)\Intel\OpenCL SDK\2.0\bin\x86;C:\Program Files (x86)\Intel\OpenCL SDK\2.0\bin\x64;C:\Program Files\Java\jdk1.8.0_45\bin;C:\Users\asima_000;F:\apache-ant-1.9.5\bin;F:\apache-maven-3.3.3\bin;F:\Computer Science Softwares\eclipse-dsl-luna-SR2-win32-x86_64\eclipse;;.;F:\Computer Science Softwares\eclipse-dsl-luna-SR2-win32-x86_64\eclipse\configuration\org.eclipse.osgi\292\0\.cp" />
    <property name="awt.toolkit.ivy.instance" value="sun.awt.windows.WToolkit" />
    <property name="ivy.basedir" value="F:\ODU\Summer2015\CS350\GIT\Projects\blue4\Phase3Blue4" />
    <property name="sun.management.compiler" value="HotSpot 64-Bit Tiered Compilers" />
    <property name="java.ext.dirs.ivy.instance" value="C:\Program Files\Java\jdk1.8.0_45\jre\lib\ext;C:\Windows\Sun\Java\lib\ext" />
    <property name="java.awt.graphicsenv" value="sun.awt.Win32GraphicsEnvironment" />
    <property name="user.variant" value="" />
    <property name="ivy.log.modules.in.use.ivy.instance" value="false" />
    <property name="ivy.settings.dir.url.ivy.instance" value="jar:file:/F:/Computer%20Science%20Softwares/eclipse-dsl-luna-SR2-win32-x86_64/eclipse/plugins/org.apache.ivy.eclipse.ant_2.4.0.final_20141213170938/ivy.jar!/org/apache/ivy/core/settings" />
    <property name="sun.os.patch.level.ivy.instance" value="" />
    <property name="file.encoding.pkg.ivy.instance" value="sun.io" />
    <property name="ivy.shared.default.ivy.pattern" value="[organisation]/[module]/[revision]/[type]s/[artifact].[ext]" />
    <property name="ivy.resolver.default.check.modified" value="false" />
    <property name="ivy.settings.file.ivy.instance" value="ivysettings.xml" />
    <property name="ivy.nb.targets.copied" value="0" />
    <property name="ant.project.name" value="Phase3Blue4" />
    <property name="ivy.cache.dir.ivy.instance" value="C:\Users\asima_000\.ivy2\cache" />
    <property name="java.vm.specification.version" value="1.8" />
    <property name="ivy.status.ivy.instance" value="integration" />
    <property name="awt.toolkit" value="sun.awt.windows.WToolkit" />
    <property name="sun.cpu.isalist" value="amd64" />
    <property name="file.separator.ivy.instance" value="\" />
    <property name="ivy.deps.changed" value="false" />
    <property name="java.ext.dirs" value="C:\Program Files\Java\jdk1.8.0_45\jre\lib\ext;C:\Windows\Sun\Java\lib\ext" />
    <property name="ivy.local.default.root.ivy.instance" value="C:\Users\asima_000\.ivy2/local" />
    <property name="os.version" value="6.2" />
    <property name="user.home" value="C:\Users\asima_000" />
    <property name="sun.java.launcher.ivy.instance" value="SUN_STANDARD" />
    <property name="java.vm.vendor" value="Oracle Corporation" />
    <property name="ivy.local.default.root" value="C:\Users\asima_000\.ivy2/local" />
    <property name="ivy.organisation" value="apache" />
    <property name="user.dir" value="F:\ODU\Summer2015\CS350\GIT\Projects\blue4\Phase3Blue4" />
    <property name="ant.library.dir.ivy.instance" value="F:\Computer Science Softwares\eclipse-dsl-luna-SR2-win32-x86_64\eclipse\plugins\org.apache.ant_1.9.2.v201404171502\lib" />
    <property name="ivy.local.default.ivy.pattern" value="[organisation]/[module]/[revision]/[type]s/[artifact].[ext]" />
    <property name="javadocs.dir" value="F:\ODU\Summer2015\CS350\GIT\Projects\blue4\Phase3Blue4/javadocs" />
    <property name="ivy.shared.default.ivy.pattern.ivy.instance" value="[organisation]/[module]/[revision]/[type]s/[artifact].[ext]" />
    <property name="java.vm.info.ivy.instance" value="mixed mode" />
    <property name="ivy.publish.src.artifacts.pattern" value="F:\ODU\Summer2015\CS350\GIT\Projects\blue4\Phase3Blue4/distrib/[type]s/[artifact]-[revision](-[classifier]).[ext]" />
    <property name="sun.java.command.ivy.instance" value="org.eclipse.ant.internal.launching.remote.InternalAntRunner -Dorg.eclipse.ant.core.ANT_PROCESS_ID=1438900367467 -Declipse.connect.port=56968 -Declipse.pdebuild.home=/F:/Computer Science Softwares/eclipse-dsl-luna-SR2-win32-x86_64/eclipse/plugins/org.eclipse.pde.build_3.9.0.v20140415-2029/./ -Declipse.pdebuild.scripts=/F:/Computer Science Softwares/eclipse-dsl-luna-SR2-win32-x86_64/eclipse/plugins/org.eclipse.pde.build_3.9.0.v20140415-2029/scripts/ -Declipse.pdebuild.templates=/F:/Computer Science Softwares/eclipse-dsl-luna-SR2-win32-x86_64/eclipse/plugins/org.eclipse.pde.build_3.9.0.v20140415-2029/templates/ -Dant.home=F:\Computer Science Softwares\eclipse-dsl-luna-SR2-win32-x86_64\eclipse\plugins\org.apache.ant_1.9.2.v201404171502 -logger org.eclipse.ant.internal.launching.remote.logger.RemoteAntBuildLogger -inputhandler org.eclipse.ant.internal.ui.antsupport.inputhandler.ProxyInputHandler -eclipseTask antlib:org.apache.ivy.ant:configure,org.apache.ivy.ant.IvyConfigure -eclipseTask antlib:org.apache.ivy.ant:resolve,org.apache.ivy.ant.IvyResolve -eclipseTask antlib:org.apache.ivy.ant:retrieve,org.apache.ivy.ant.IvyRetrieve -eclipseTask antlib:org.apache.ivy.ant:deliver,org.apache.ivy.ant.IvyDeliver -eclipseTask antlib:org.apache.ivy.ant:publish,org.apache.ivy.ant.IvyPublish -eclipseTask antlib:org.apache.ivy.ant:extract,org.apache.ivy.ant.IvyExtractFromSources -eclipseTask antlib:org.apache.ivy.ant:cachepath,org.apache.ivy.ant.IvyCachePath -eclipseTask antlib:org.apache.ivy.ant:cachefileset,org.apache.ivy.ant.IvyCacheFileset -eclipseTask antlib:org.apache.ivy.ant:report,org.apache.ivy.ant.IvyReport -eclipseTask antlib:org.apache.ivy.ant:repreport,org.apache.ivy.ant.IvyRepositoryReport -eclipseTask antlib:org.apache.ivy.ant:var,org.apache.ivy.ant.IvyVar -eclipseTask antlib:org.apache.ivy.ant:check,org.apache.ivy.ant.IvyCheck -eclipseTask antlib:org.apache.ivy.ant:artifactproperty,org.apache.ivy.ant.IvyArtifactProperty -eclipseTask antlib:org.apache.ivy.ant:buildlist,org.apache.ivy.ant.IvyBuildList -eclipseTask antlib:org.apache.ivy.ant:install,org.apache.ivy.ant.IvyInstall -eclipseTask antlib:org.apache.ivy.ant:convertpom,org.apache.ivy.ant.IvyConvertPom -eclipseTask antlib:org.apache.ivy.ant:makepom,org.apache.ivy.ant.IvyMakePom -eclipseTask antlib:org.apache.ivy.ant:artifactreport,org.apache.ivy.ant.IvyArtifactReport -eclipseTask antlib:org.apache.ivy.ant:info,org.apache.ivy.ant.IvyInfo -eclipseTask antlib:org.apache.ivy.ant:addpath,org.apache.ivy.ant.AddPathTask -eclipseTask antlib:org.apache.ivy.ant:listmodules,org.apache.ivy.ant.IvyListModules -eclipseTask antlib:org.apache.ivy.ant:findrevision,org.apache.ivy.ant.IvyFindRevision -eclipseTask antlib:org.apache.ivy.ant:buildnumber,org.apache.ivy.ant.IvyBuildNumber -eclipseTask antlib:org.apache.ivy.ant:cleancache,org.apache.ivy.ant.IvyCleanCache -eclipseTask antlib:org.apache.ivy.ant:buildobr,org.apache.ivy.ant.BuildOBRTask -eclipseTask antlib:org.apache.ivy.ant:convertmanifest,org.apache.ivy.ant.ConvertManifestTask -eclipseTask antlib:org.apache.ivy.ant:fixdeps,org.apache.ivy.ant.FixDepsTask -eclipseTask antlib:org.apache.ivy.ant:dependencytree,org.apache.ivy.ant.IvyDependencyTree -eclipseTask antlib:org.apache.ivy.ant:checkdepsupdate,org.apache.ivy.ant.IvyDependencyUpdateChecker -eclipseType antlib:org.apache.ivy.ant:settings,org.apache.ivy.ant.IvyAntSettings -eclipseType antlib:org.apache.ivy.ant:resources,org.apache.ivy.ant.IvyResources -buildfile F:\ODU\Summer2015\CS350\GIT\Projects\blue4\Phase3Blue4\build.xml" />
    <property name="ivy.distrib.dir" value="F:\ODU\Summer2015\CS350\GIT\Projects\blue4\Phase3Blue4/distrib" />
    <property name="sun.cpu.endian" value="little" />
    <property name="ivy.revision" value="working@Admin" />
    <property name="user.timezone.ivy.instance" value="America/New_York" />
    <property name="java.vm.version" value="25.45-b02" />
    <property name="java.class.path" value="F:\ODU\Summer2015\CS350\GIT\Projects\blue4\Phase3Blue4\target\classes;F:\ODU\Summer2015\CS350\GIT\Projects\blue4\Phase3Blue4\target\test-classes;C:\Users\asima_000\.ivy2\cache\junit\junit\javadocs\junit-4.10-javadoc.jar;C:\Users\asima_000\.ivy2\cache\junit\junit\sources\junit-4.10-sources.jar;C:\Users\asima_000\.ivy2\cache\junit\junit\jars\junit-4.10.jar;C:\Users\asima_000\.ivy2\cache\org.hamcrest\hamcrest-core\jars\hamcrest-core-1.1.jar;C:\Users\asima_000\.ivy2\cache\com.google.code.gson\gson\javadocs\gson-2.3.1-javadoc.jar;C:\Users\asima_000\.ivy2\cache\com.google.code.gson\gson\sources\gson-2.3.1-sources.jar;C:\Users\asima_000\.ivy2\cache\com.google.code.gson\gson\jars\gson-2.3.1.jar;C:\Users\asima_000\.ivy2\cache\commons-io\commons-io\sources\commons-io-2.4-sources.jar;C:\Users\asima_000\.ivy2\cache\commons-io\commons-io\jars\commons-io-2.4.jar;C:\Users\asima_000\.ivy2\cache\commons-io\commons-io\javadocs\commons-io-2.4-javadoc.jar;F:\Computer Science Softwares\eclipse-dsl-luna-SR2-win32-x86_64\eclipse\plugins\org.apache.ant_1.9.2.v201404171502\lib\ant-launcher.jar;F:\Computer Science Softwares\eclipse-dsl-luna-SR2-win32-x86_64\eclipse\plugins\org.apache.ant_1.9.2.v201404171502\lib\ant.jar;F:\Computer Science Softwares\eclipse-dsl-luna-SR2-win32-x86_64\eclipse\plugins\org.apache.ant_1.9.2.v201404171502\lib\ant-junit.jar;F:\Computer Science Softwares\eclipse-dsl-luna-SR2-win32-x86_64\eclipse\plugins\org.apache.ant_1.9.2.v201404171502\lib\ant-junit4.jar" />
    <property name="ivy.default.ivy.user.dir" value="C:\Users\asima_000\.ivy2" />
    <property name="user.home.ivy.instance" value="C:\Users\asima_000" />
    <property name="basedir.ivy.instance" value="F:\ODU\Summer2015\CS350\GIT\Projects\blue4\Phase3Blue4" />
    <property name="ant.library.dir" value="F:\Computer Science Softwares\eclipse-dsl-luna-SR2-win32-x86_64\eclipse\plugins\org.apache.ant_1.9.2.v201404171502\lib" />
    <property name="os.arch" value="amd64" />
    <property name="ivy.jar.dir" value="F:\ODU\Summer2015\CS350\GIT\Projects\blue4\Phase3Blue4/ivy" />
    <property name="java.awt.graphicsenv.ivy.instance" value="sun.awt.Win32GraphicsEnvironment" />
    <property name="java.vendor.url.bug.ivy.instance" value="http://bugreport.sun.com/bugreport/" />
    <property name="java.vm.specification.version.ivy.instance" value="1.8" />
    <property name="sun.java.launcher" value="SUN_STANDARD" />
    <property name="java.awt.printerjob.ivy.instance" value="sun.awt.windows.WPrinterJob" />
    <property name="ivy.settings.dir.ivy.instance" value="jar:file:/F:/Computer%20Science%20Softwares/eclipse-dsl-luna-SR2-win32-x86_64/eclipse/plugins/org.apache.ivy.eclipse.ant_2.4.0.final_20141213170938/ivy.jar!/org/apache/ivy/core/settings" />
    <property name="ivy.resolver.default.check.modified.ivy.instance" value="false" />
    <property name="ant.core.lib" value="F:\Computer Science Softwares\eclipse-dsl-luna-SR2-win32-x86_64\eclipse\plugins\org.apache.ant_1.9.2.v201404171502\lib\ant.jar" />
    <property name="java.vm.specification.vendor" value="Oracle Corporation" />
    <property name="ivy.settings.dir" value="jar:file:/F:/Computer%20Science%20Softwares/eclipse-dsl-luna-SR2-win32-x86_64/eclipse/plugins/org.apache.ivy.eclipse.ant_2.4.0.final_20141213170938/ivy.jar!/org/apache/ivy/core/settings" />
    <property name="user.language.ivy.instance" value="en" />
    <property name="file.separator" value="\" />
    <property name="ivy.shared.default.artifact.pattern.ivy.instance" value="[organisation]/[module]/[revision]/[type]s/[artifact].[ext]" />
    <property name="user.country.ivy.instance" value="US" />
    <property name="ivy.conf.url.ivy.instance" value="jar:file:/F:/Computer%20Science%20Softwares/eclipse-dsl-luna-SR2-win32-x86_64/eclipse/plugins/org.apache.ivy.eclipse.ant_2.4.0.final_20141213170938/ivy.jar!/org/apache/ivy/core/settings/ivysettings.xml" />
    <property name="java.runtime.version" value="1.8.0_45-b14" />
    <property name="java.specification.name.ivy.instance" value="Java Platform API Specification" />
    <property name="sun.boot.class.path" value="C:\Program Files\Java\jdk1.8.0_45\jre\lib\resources.jar;C:\Program Files\Java\jdk1.8.0_45\jre\lib\rt.jar;C:\Program Files\Java\jdk1.8.0_45\jre\lib\sunrsasign.jar;C:\Program Files\Java\jdk1.8.0_45\jre\lib\jsse.jar;C:\Program Files\Java\jdk1.8.0_45\jre\lib\jce.jar;C:\Program Files\Java\jdk1.8.0_45\jre\lib\charsets.jar;C:\Program Files\Java\jdk1.8.0_45\jre\lib\jfr.jar;C:\Program Files\Java\jdk1.8.0_45\jre\classes" />
    <property name="ivy.conf.dir" value="jar:file:/F:/Computer%20Science%20Softwares/eclipse-dsl-luna-SR2-win32-x86_64/eclipse/plugins/org.apache.ivy.eclipse.ant_2.4.0.final_20141213170938/ivy.jar!/org/apache/ivy/core/settings" />
    <property name="ivy.retrieve.pattern" value="F:\ODU\Summer2015\CS350\GIT\Projects\blue4\Phase3Blue4/lib/[artifact]-[revision](-[classifier]).[ext]" />
    <property name="user.country" value="US" />
    <property name="ivy.shared.default.root" value="C:\Users\asima_000\.ivy2/shared" />
    <property name="java.version.ivy.instance" value="1.8.0_45" />
    <property name="ivy.resolved.file" value="F:\ODU\Summer2015\CS350\GIT\Projects\blue4\Phase3Blue4\ivy.xml" />
    <property name="os.arch.ivy.instance" value="amd64" />
    <property name="java.vendor" value="Oracle Corporation" />
    <property name="ivy.project.dir" value="F:\ODU\Summer2015\CS350\GIT\Projects\blue4\Phase3Blue4" />
    <property name="java.specification.version" value="1.8" />
    <property name="sun.arch.data.model" value="64" />
    <property name="ivy.buildlist.ivyfilepath" value="ivy.xml" />
  </properties>
  <testcase classname="edu.odu.cs.cs350.blue4.PhaseTesting" name="testSearchDirectory" time="0.018" />
  <system-out><![CDATA[]]></system-out>
  <system-err><![CDATA[]]></system-err>
</testsuite>
